<?xml version="1.0" encoding="UTF-8"?>
<TestRun id="aaceb3ea-7f98-4f13-bbb9-4ec443a34f5a" name="shakal@SHAKAL-PC 2012-02-10 10:50:49" runUser="shakal-PC\shakal" xmlns="http://microsoft.com/schemas/VisualStudio/TeamTest/2010">
  <TestSettings name="Local" id="9aefd210-ec6e-49ed-9ad9-0005df0883b1">
    <Description>These are default test settings for a local test run.</Description>
    <Deployment enabled="false" runDeploymentRoot="shakal_SHAKAL-PC 2012-02-10 10_50_49">
      <DeploymentItem filename="E:\Programming\ASP_NET_MVC\Forum\Forum\Tests\MoqNet40\Moq.dll" />
      <DeploymentItem filename="E:\Programming\ASP_NET_MVC\Forum\Forum\packages\NUnit.2.5.10.11092\lib\nunit.mocks.dll" />
      <DeploymentItem filename="E:\Programming\ASP_NET_MVC\Forum\Forum\Forum\bin\Forum.dll" />
      <DeploymentItem filename="E:\Programming\ASP_NET_MVC\Forum\Forum\packages\NUnit.2.5.10.11092\lib\nunit.framework.dll" />
      <DeploymentItem filename="E:\Programming\ASP_NET_MVC\Forum\Forum\MvcPaging\bin\Debug\MvcPaging.dll" />
      <DeploymentItem filename="E:\Programming\ASP_NET_MVC\Forum\Forum\packages\StructureMap\StructureMap.dll" />
      <DeploymentItem filename="E:\Programming\ASP_NET_MVC\Forum\Forum\packages\NUnit.2.5.10.11092\lib\pnunit.framework.dll" />
    </Deployment>
    <Execution>
      <TestTypeSpecific />
      <AgentRule name="Execution Agents">
      </AgentRule>
    </Execution>
  </TestSettings>
  <Times creation="2012-02-10T10:50:49.4721971+03:00" queuing="2012-02-10T10:50:54.3004732+03:00" start="2012-02-10T10:50:54.5864896+03:00" finish="2012-02-10T10:50:57.1436358+03:00" />
  <ResultSummary outcome="Completed">
    <Counters total="1" executed="1" passed="1" error="0" failed="0" timeout="0" aborted="0" inconclusive="0" passedButRunAborted="0" notRunnable="0" notExecuted="0" disconnected="0" warning="0" completed="0" inProgress="0" pending="0" />
  </ResultSummary>
  <TestDefinitions>
    <UnitTest name="ThemeListModelTest" storage="e:\programming\asp_net_mvc\forum\forum\tests\bin\debug\tests.dll" id="75eb82ea-227c-7fc8-3193-75e083d0a6fb">
      <Execution id="7d62ca1e-0551-4e16-bdf4-50b993ccd26d" />
      <TestMethod codeBase="E:/Programming/ASP_NET_MVC/Forum/Forum/Tests/bin/Debug/Tests.DLL" adapterTypeName="Microsoft.VisualStudio.TestTools.TestTypes.Unit.UnitTestAdapter, Microsoft.VisualStudio.QualityTools.Tips.UnitTest.Adapter, Version=10.0.0.0, Culture=neutral, PublicKeyToken=b03f5f7f11d50a3a" className="Tests.ForumTest, Tests, Version=1.0.0.0, Culture=neutral, PublicKeyToken=null" name="ThemeListModelTest" />
    </UnitTest>
  </TestDefinitions>
  <TestLists>
    <TestList name="Results Not in a List" id="8c84fa94-04c1-424b-9868-57a2d4851a1d" />
    <TestList name="All Loaded Results" id="19431567-8539-422a-85d7-44ee4e166bda" />
  </TestLists>
  <TestEntries>
    <TestEntry testId="75eb82ea-227c-7fc8-3193-75e083d0a6fb" executionId="7d62ca1e-0551-4e16-bdf4-50b993ccd26d" testListId="8c84fa94-04c1-424b-9868-57a2d4851a1d" />
  </TestEntries>
  <Results>
    <UnitTestResult executionId="7d62ca1e-0551-4e16-bdf4-50b993ccd26d" testId="75eb82ea-227c-7fc8-3193-75e083d0a6fb" testName="ThemeListModelTest" computerName="SHAKAL-PC" duration="00:00:00.6653447" startTime="2012-02-10T10:50:54.7915013+03:00" endTime="2012-02-10T10:50:56.9666257+03:00" testType="13cdc9d9-ddb5-4fa4-a97d-d965ccfc6d4b" outcome="Passed" testListId="8c84fa94-04c1-424b-9868-57a2d4851a1d" relativeResultsDirectory="7d62ca1e-0551-4e16-bdf4-50b993ccd26d">
    </UnitTestResult>
  </Results>
</TestRun>